c:\users\pikachu\desktop\assignments and labs\fall 2018\asteroids- shantanu chauhan\milestone 4\milestone 4\milestone 4\x64\debug\vc141.pdb
c:\users\pikachu\desktop\assignments and labs\fall 2018\asteroids- shantanu chauhan\milestone 4\milestone 4\milestone 4\x64\debug\vc141.idb
c:\users\pikachu\desktop\assignments and labs\fall 2018\asteroids- shantanu chauhan\milestone 4\milestone 4\milestone 4\x64\debug\vector2d.obj
c:\users\pikachu\desktop\assignments and labs\fall 2018\asteroids- shantanu chauhan\milestone 4\milestone 4\milestone 4\x64\debug\matrix2d.obj
c:\users\pikachu\desktop\assignments and labs\fall 2018\asteroids- shantanu chauhan\milestone 4\milestone 4\milestone 4\x64\debug\math2d.obj
c:\users\pikachu\desktop\assignments and labs\fall 2018\asteroids- shantanu chauhan\milestone 4\milestone 4\milestone 4\x64\debug\resource manager.obj
c:\users\pikachu\desktop\assignments and labs\fall 2018\asteroids- shantanu chauhan\milestone 4\milestone 4\milestone 4\x64\debug\physicsmanager.obj
c:\users\pikachu\desktop\assignments and labs\fall 2018\asteroids- shantanu chauhan\milestone 4\milestone 4\milestone 4\x64\debug\input manager.obj
c:\users\pikachu\desktop\assignments and labs\fall 2018\asteroids- shantanu chauhan\milestone 4\milestone 4\milestone 4\x64\debug\game object manager.obj
c:\users\pikachu\desktop\assignments and labs\fall 2018\asteroids- shantanu chauhan\milestone 4\milestone 4\milestone 4\x64\debug\event manager.obj
c:\users\pikachu\desktop\assignments and labs\fall 2018\asteroids- shantanu chauhan\milestone 4\milestone 4\milestone 4\x64\debug\collisionmanager.obj
c:\users\pikachu\desktop\assignments and labs\fall 2018\asteroids- shantanu chauhan\milestone 4\milestone 4\milestone 4\x64\debug\game object.obj
c:\users\pikachu\desktop\assignments and labs\fall 2018\asteroids- shantanu chauhan\milestone 4\milestone 4\milestone 4\x64\debug\frame rate controller.obj
c:\users\pikachu\desktop\assignments and labs\fall 2018\asteroids- shantanu chauhan\milestone 4\milestone 4\milestone 4\x64\debug\main.obj
c:\users\pikachu\desktop\assignments and labs\fall 2018\asteroids- shantanu chauhan\milestone 4\milestone 4\milestone 4\x64\debug\updown.obj
c:\users\pikachu\desktop\assignments and labs\fall 2018\asteroids- shantanu chauhan\milestone 4\milestone 4\milestone 4\x64\debug\transform.obj
c:\users\pikachu\desktop\assignments and labs\fall 2018\asteroids- shantanu chauhan\milestone 4\milestone 4\milestone 4\x64\debug\sprite.obj
c:\users\pikachu\desktop\assignments and labs\fall 2018\asteroids- shantanu chauhan\milestone 4\milestone 4\milestone 4\x64\debug\roaming.obj
c:\users\pikachu\desktop\assignments and labs\fall 2018\asteroids- shantanu chauhan\milestone 4\milestone 4\milestone 4\x64\debug\homing.obj
c:\users\pikachu\desktop\assignments and labs\fall 2018\asteroids- shantanu chauhan\milestone 4\milestone 4\milestone 4\x64\debug\controller.obj
c:\users\pikachu\desktop\assignments and labs\fall 2018\asteroids- shantanu chauhan\milestone 4\milestone 4\milestone 4\x64\debug\component.obj
c:\users\pikachu\desktop\assignments and labs\fall 2018\asteroids- shantanu chauhan\milestone 4\milestone 4\milestone 4\x64\debug\body.obj
c:\users\pikachu\desktop\assignments and labs\fall 2018\asteroids- shantanu chauhan\milestone 4\milestone 4\milestone 4\x64\debug\vertexbuffer.obj
c:\users\pikachu\desktop\assignments and labs\fall 2018\asteroids- shantanu chauhan\milestone 4\milestone 4\milestone 4\x64\debug\vertexarray.obj
c:\users\pikachu\desktop\assignments and labs\fall 2018\asteroids- shantanu chauhan\milestone 4\milestone 4\milestone 4\x64\debug\stb_image.obj
c:\users\pikachu\desktop\assignments and labs\fall 2018\asteroids- shantanu chauhan\milestone 4\milestone 4\milestone 4\x64\debug\imgui_impl_sdl_gl3.obj
c:\users\pikachu\desktop\assignments and labs\fall 2018\asteroids- shantanu chauhan\milestone 4\milestone 4\milestone 4\x64\debug\imgui_draw.obj
c:\users\pikachu\desktop\assignments and labs\fall 2018\asteroids- shantanu chauhan\milestone 4\milestone 4\milestone 4\x64\debug\imgui_demo.obj
c:\users\pikachu\desktop\assignments and labs\fall 2018\asteroids- shantanu chauhan\milestone 4\milestone 4\milestone 4\x64\debug\imgui.obj
c:\users\pikachu\desktop\assignments and labs\fall 2018\asteroids- shantanu chauhan\milestone 4\milestone 4\milestone 4\x64\debug\glm.obj
c:\users\pikachu\desktop\assignments and labs\fall 2018\asteroids- shantanu chauhan\milestone 4\milestone 4\milestone 4\x64\debug\texture.obj
c:\users\pikachu\desktop\assignments and labs\fall 2018\asteroids- shantanu chauhan\milestone 4\milestone 4\milestone 4\x64\debug\shader.obj
c:\users\pikachu\desktop\assignments and labs\fall 2018\asteroids- shantanu chauhan\milestone 4\milestone 4\milestone 4\x64\debug\renderer.obj
c:\users\pikachu\desktop\assignments and labs\fall 2018\asteroids- shantanu chauhan\milestone 4\milestone 4\milestone 4\x64\debug\indexbuffer.obj
c:\users\pikachu\desktop\assignments and labs\fall 2018\asteroids- shantanu chauhan\milestone 4\milestone 4\milestone 4\x64\debug\objectfactory.obj
c:\users\pikachu\desktop\fix and upload\cs550 make\milestone 4\milestone 4\milestone 4\x64\debug\vc141.pdb
c:\users\pikachu\desktop\fix and upload\cs550 make\milestone 4\milestone 4\milestone 4\x64\debug\vc141.idb
c:\users\pikachu\desktop\fix and upload\cs550 make\milestone 4\milestone 4\milestone 4\x64\debug\indexbuffer.obj
c:\users\pikachu\desktop\fix and upload\cs550 make\milestone 4\milestone 4\milestone 4\x64\debug\objectfactory.obj
c:\users\pikachu\desktop\fix and upload\cs550 make\milestone 4\milestone 4\milestone 4\x64\debug\vector2d.obj
c:\users\pikachu\desktop\fix and upload\cs550 make\milestone 4\milestone 4\milestone 4\x64\debug\matrix2d.obj
c:\users\pikachu\desktop\fix and upload\cs550 make\milestone 4\milestone 4\milestone 4\x64\debug\math2d.obj
c:\users\pikachu\desktop\fix and upload\cs550 make\milestone 4\milestone 4\milestone 4\x64\debug\resource manager.obj
c:\users\pikachu\desktop\fix and upload\cs550 make\milestone 4\milestone 4\milestone 4\x64\debug\physicsmanager.obj
c:\users\pikachu\desktop\fix and upload\cs550 make\milestone 4\milestone 4\milestone 4\x64\debug\input manager.obj
c:\users\pikachu\desktop\fix and upload\cs550 make\milestone 4\milestone 4\milestone 4\x64\debug\game object manager.obj
c:\users\pikachu\desktop\fix and upload\cs550 make\milestone 4\milestone 4\milestone 4\x64\debug\event manager.obj
c:\users\pikachu\desktop\fix and upload\cs550 make\milestone 4\milestone 4\milestone 4\x64\debug\collisionmanager.obj
c:\users\pikachu\desktop\fix and upload\cs550 make\milestone 4\milestone 4\milestone 4\x64\debug\game object.obj
c:\users\pikachu\desktop\fix and upload\cs550 make\milestone 4\milestone 4\milestone 4\x64\debug\frame rate controller.obj
c:\users\pikachu\desktop\fix and upload\cs550 make\milestone 4\milestone 4\milestone 4\x64\debug\camera.obj
c:\users\pikachu\desktop\fix and upload\cs550 make\milestone 4\milestone 4\milestone 4\x64\debug\main.obj
c:\users\pikachu\desktop\fix and upload\cs550 make\milestone 4\milestone 4\milestone 4\x64\debug\transform.obj
c:\users\pikachu\desktop\fix and upload\cs550 make\milestone 4\milestone 4\milestone 4\x64\debug\sprite.obj
c:\users\pikachu\desktop\fix and upload\cs550 make\milestone 4\milestone 4\milestone 4\x64\debug\controller.obj
c:\users\pikachu\desktop\fix and upload\cs550 make\milestone 4\milestone 4\milestone 4\x64\debug\component.obj
c:\users\pikachu\desktop\fix and upload\cs550 make\milestone 4\milestone 4\milestone 4\x64\debug\body.obj
c:\users\pikachu\desktop\fix and upload\cs550 make\milestone 4\milestone 4\milestone 4\x64\debug\vertexbuffer.obj
c:\users\pikachu\desktop\fix and upload\cs550 make\milestone 4\milestone 4\milestone 4\x64\debug\vertexarray.obj
c:\users\pikachu\desktop\fix and upload\cs550 make\milestone 4\milestone 4\milestone 4\x64\debug\stb_image.obj
c:\users\pikachu\desktop\fix and upload\cs550 make\milestone 4\milestone 4\milestone 4\x64\debug\imgui_widgets.obj
c:\users\pikachu\desktop\fix and upload\cs550 make\milestone 4\milestone 4\milestone 4\x64\debug\imgui_impl_sdl.obj
c:\users\pikachu\desktop\fix and upload\cs550 make\milestone 4\milestone 4\milestone 4\x64\debug\imgui_impl_opengl3.obj
c:\users\pikachu\desktop\fix and upload\cs550 make\milestone 4\milestone 4\milestone 4\x64\debug\imgui_draw.obj
c:\users\pikachu\desktop\fix and upload\cs550 make\milestone 4\milestone 4\milestone 4\x64\debug\imgui.obj
c:\users\pikachu\desktop\fix and upload\cs550 make\milestone 4\milestone 4\milestone 4\x64\debug\glm.obj
c:\users\pikachu\desktop\fix and upload\cs550 make\milestone 4\milestone 4\milestone 4\x64\debug\texture.obj
c:\users\pikachu\desktop\fix and upload\cs550 make\milestone 4\milestone 4\milestone 4\x64\debug\shader.obj
c:\users\pikachu\desktop\fix and upload\cs550 make\milestone 4\milestone 4\milestone 4\x64\debug\renderer.obj
c:\users\pikachu\desktop\fix and upload\cs550 make\milestone 4\milestone 4\milestone 4\x64\debug\homing.obj
c:\users\pikachu\desktop\fix and upload\cs550 make\milestone 4\milestone 4\milestone 4\x64\debug\imgui_demo.obj
c:\users\pikachu\desktop\fix and upload\cs550 make\milestone 4\milestone 4\milestone 4\x64\debug\imgui_impl_sdl_gl3.obj
c:\users\pikachu\desktop\fix and upload\cs550 make\milestone 4\milestone 4\milestone 4\x64\debug\roaming.obj
c:\users\pikachu\desktop\fix and upload\cs550 make\milestone 4\milestone 4\milestone 4\x64\debug\updown.obj
c:\users\pikachu\desktop\fix and upload\cs550 make\milestone 4\milestone 4\x64\debug\milestone 4.pdb
c:\users\pikachu\desktop\fix and upload\cs550 make\milestone 4\milestone 4\milestone 4\x64\debug\milestone 4.tlog\cl.command.1.tlog
c:\users\pikachu\desktop\fix and upload\cs550 make\milestone 4\milestone 4\milestone 4\x64\debug\milestone 4.tlog\cl.read.1.tlog
c:\users\pikachu\desktop\fix and upload\cs550 make\milestone 4\milestone 4\milestone 4\x64\debug\milestone 4.tlog\cl.write.1.tlog
c:\users\pikachu\desktop\fix and upload\cs550 make\milestone 4\milestone 4\milestone 4\x64\debug\milestone 4.tlog\link-cvtres.read.1.tlog
c:\users\pikachu\desktop\fix and upload\cs550 make\milestone 4\milestone 4\milestone 4\x64\debug\milestone 4.tlog\link-cvtres.write.1.tlog
c:\users\pikachu\desktop\fix and upload\cs550 make\milestone 4\milestone 4\milestone 4\x64\debug\milestone 4.tlog\link-rc.read.1.tlog
c:\users\pikachu\desktop\fix and upload\cs550 make\milestone 4\milestone 4\milestone 4\x64\debug\milestone 4.tlog\link-rc.write.1.tlog
c:\users\pikachu\desktop\fix and upload\cs550 make\milestone 4\milestone 4\milestone 4\x64\debug\milestone 4.tlog\link.command.1.tlog
c:\users\pikachu\desktop\fix and upload\cs550 make\milestone 4\milestone 4\milestone 4\x64\debug\milestone 4.tlog\link.read.1.tlog
c:\users\pikachu\desktop\fix and upload\cs550 make\milestone 4\milestone 4\milestone 4\x64\debug\milestone 4.tlog\link.write.1.tlog
