c:\users\pikachu\desktop\fix and upload\cs550 make\milestone 4\milestone 4\milestone 4\release\vc141.pdb
c:\users\pikachu\desktop\fix and upload\cs550 make\milestone 4\milestone 4\milestone 4\release\vector2d.obj
c:\users\pikachu\desktop\fix and upload\cs550 make\milestone 4\milestone 4\milestone 4\release\math2d.obj
c:\users\pikachu\desktop\fix and upload\cs550 make\milestone 4\milestone 4\milestone 4\release\sat.obj
c:\users\pikachu\desktop\fix and upload\cs550 make\milestone 4\milestone 4\milestone 4\release\resource manager.obj
c:\users\pikachu\desktop\fix and upload\cs550 make\milestone 4\milestone 4\milestone 4\release\physicsmanager.obj
c:\users\pikachu\desktop\fix and upload\cs550 make\milestone 4\milestone 4\milestone 4\release\nsq.obj
c:\users\pikachu\desktop\fix and upload\cs550 make\milestone 4\milestone 4\milestone 4\release\input manager.obj
c:\users\pikachu\desktop\fix and upload\cs550 make\milestone 4\milestone 4\milestone 4\release\game object manager.obj
c:\users\pikachu\desktop\fix and upload\cs550 make\milestone 4\milestone 4\milestone 4\release\event manager.obj
c:\users\pikachu\desktop\fix and upload\cs550 make\milestone 4\milestone 4\milestone 4\release\dynamicaabbtree.obj
c:\users\pikachu\desktop\fix and upload\cs550 make\milestone 4\milestone 4\milestone 4\release\collisionmanager.obj
c:\users\pikachu\desktop\fix and upload\cs550 make\milestone 4\milestone 4\milestone 4\release\game object.obj
c:\users\pikachu\desktop\fix and upload\cs550 make\milestone 4\milestone 4\milestone 4\release\frame rate controller.obj
c:\users\pikachu\desktop\fix and upload\cs550 make\milestone 4\milestone 4\milestone 4\release\camera.obj
c:\users\pikachu\desktop\fix and upload\cs550 make\milestone 4\milestone 4\milestone 4\release\main.obj
c:\users\pikachu\desktop\fix and upload\cs550 make\milestone 4\milestone 4\milestone 4\release\transform.obj
c:\users\pikachu\desktop\fix and upload\cs550 make\milestone 4\milestone 4\milestone 4\release\sprite.obj
c:\users\pikachu\desktop\fix and upload\cs550 make\milestone 4\milestone 4\milestone 4\release\controller.obj
c:\users\pikachu\desktop\fix and upload\cs550 make\milestone 4\milestone 4\milestone 4\release\component.obj
c:\users\pikachu\desktop\fix and upload\cs550 make\milestone 4\milestone 4\milestone 4\release\body.obj
c:\users\pikachu\desktop\fix and upload\cs550 make\milestone 4\milestone 4\milestone 4\release\vertexbuffer.obj
c:\users\pikachu\desktop\fix and upload\cs550 make\milestone 4\milestone 4\milestone 4\release\vertexarray.obj
c:\users\pikachu\desktop\fix and upload\cs550 make\milestone 4\milestone 4\milestone 4\release\stb_image.obj
c:\users\pikachu\desktop\fix and upload\cs550 make\milestone 4\milestone 4\milestone 4\release\imgui_widgets.obj
c:\users\pikachu\desktop\fix and upload\cs550 make\milestone 4\milestone 4\milestone 4\release\imgui_impl_sdl.obj
c:\users\pikachu\desktop\fix and upload\cs550 make\milestone 4\milestone 4\milestone 4\release\imgui_impl_opengl3.obj
c:\users\pikachu\desktop\fix and upload\cs550 make\milestone 4\milestone 4\milestone 4\release\imgui_draw.obj
c:\users\pikachu\desktop\fix and upload\cs550 make\milestone 4\milestone 4\milestone 4\release\imgui.obj
c:\users\pikachu\desktop\fix and upload\cs550 make\milestone 4\milestone 4\milestone 4\release\glm.obj
c:\users\pikachu\desktop\fix and upload\cs550 make\milestone 4\milestone 4\milestone 4\release\texture.obj
c:\users\pikachu\desktop\fix and upload\cs550 make\milestone 4\milestone 4\milestone 4\release\shader.obj
c:\users\pikachu\desktop\fix and upload\cs550 make\milestone 4\milestone 4\milestone 4\release\renderer.obj
c:\users\pikachu\desktop\fix and upload\cs550 make\milestone 4\milestone 4\milestone 4\release\indexbuffer.obj
c:\users\pikachu\desktop\fix and upload\cs550 make\milestone 4\milestone 4\milestone 4\release\objectfactory.obj
c:\users\pikachu\desktop\fix and upload\cs550 make\milestone 4\milestone 4\release\milestone 4.exe
c:\users\pikachu\desktop\fix and upload\cs550 make\milestone 4\milestone 4\release\milestone 4.pdb
c:\users\pikachu\desktop\fix and upload\cs550 make\milestone 4\milestone 4\release\milestone 4.ipdb
c:\users\pikachu\desktop\fix and upload\cs550 make\milestone 4\milestone 4\release\milestone 4.iobj
c:\users\pikachu\desktop\fix and upload\cs550 make\milestone 4\milestone 4\milestone 4\release\milestone 4.tlog\cl.command.1.tlog
c:\users\pikachu\desktop\fix and upload\cs550 make\milestone 4\milestone 4\milestone 4\release\milestone 4.tlog\cl.read.1.tlog
c:\users\pikachu\desktop\fix and upload\cs550 make\milestone 4\milestone 4\milestone 4\release\milestone 4.tlog\cl.write.1.tlog
c:\users\pikachu\desktop\fix and upload\cs550 make\milestone 4\milestone 4\milestone 4\release\milestone 4.tlog\link.command.1.tlog
c:\users\pikachu\desktop\fix and upload\cs550 make\milestone 4\milestone 4\milestone 4\release\milestone 4.tlog\link.read.1.tlog
c:\users\pikachu\desktop\fix and upload\cs550 make\milestone 4\milestone 4\milestone 4\release\milestone 4.tlog\link.write.1.tlog
c:\users\pikachu\desktop\fix and upload\cs550 make\milestone 4\milestone 4\milestone 4\release\milestone 4.tlog\milestone 4.write.1u.tlog
