c:\users\pikachu\desktop\fix and upload\cs550 make\milestone 4\milestone 4\milestone 4\debug\vc141.pdb
c:\users\pikachu\desktop\fix and upload\cs550 make\milestone 4\milestone 4\milestone 4\debug\vc141.idb
c:\users\pikachu\desktop\fix and upload\cs550 make\milestone 4\milestone 4\milestone 4\debug\vc142.pdb
c:\users\pikachu\desktop\fix and upload\cs550 make\milestone 4\milestone 4\milestone 4\debug\vc142.idb
c:\users\pikachu\desktop\fix and upload\cs550 make\milestone 4\milestone 4\milestone 4\debug\vector2d.obj
c:\users\pikachu\desktop\fix and upload\cs550 make\milestone 4\milestone 4\milestone 4\debug\math2d.obj
c:\users\pikachu\desktop\fix and upload\cs550 make\milestone 4\milestone 4\milestone 4\debug\sat.obj
c:\users\pikachu\desktop\fix and upload\cs550 make\milestone 4\milestone 4\milestone 4\debug\resource manager.obj
c:\users\pikachu\desktop\fix and upload\cs550 make\milestone 4\milestone 4\milestone 4\debug\physicsmanager.obj
c:\users\pikachu\desktop\fix and upload\cs550 make\milestone 4\milestone 4\milestone 4\debug\nsq.obj
c:\users\pikachu\desktop\fix and upload\cs550 make\milestone 4\milestone 4\milestone 4\debug\input manager.obj
c:\users\pikachu\desktop\fix and upload\cs550 make\milestone 4\milestone 4\milestone 4\debug\game object manager.obj
c:\users\pikachu\desktop\fix and upload\cs550 make\milestone 4\milestone 4\milestone 4\debug\event manager.obj
c:\users\pikachu\desktop\fix and upload\cs550 make\milestone 4\milestone 4\milestone 4\debug\dynamicaabbtree.obj
c:\users\pikachu\desktop\fix and upload\cs550 make\milestone 4\milestone 4\milestone 4\debug\collisionmanager.obj
c:\users\pikachu\desktop\fix and upload\cs550 make\milestone 4\milestone 4\milestone 4\debug\game object.obj
c:\users\pikachu\desktop\fix and upload\cs550 make\milestone 4\milestone 4\milestone 4\debug\frame rate controller.obj
c:\users\pikachu\desktop\fix and upload\cs550 make\milestone 4\milestone 4\milestone 4\debug\camera.obj
c:\users\pikachu\desktop\fix and upload\cs550 make\milestone 4\milestone 4\milestone 4\debug\main.obj
c:\users\pikachu\desktop\fix and upload\cs550 make\milestone 4\milestone 4\milestone 4\debug\transform.obj
c:\users\pikachu\desktop\fix and upload\cs550 make\milestone 4\milestone 4\milestone 4\debug\sprite.obj
c:\users\pikachu\desktop\fix and upload\cs550 make\milestone 4\milestone 4\milestone 4\debug\controller.obj
c:\users\pikachu\desktop\fix and upload\cs550 make\milestone 4\milestone 4\milestone 4\debug\component.obj
c:\users\pikachu\desktop\fix and upload\cs550 make\milestone 4\milestone 4\milestone 4\debug\body.obj
c:\users\pikachu\desktop\fix and upload\cs550 make\milestone 4\milestone 4\milestone 4\debug\vertexbuffer.obj
c:\users\pikachu\desktop\fix and upload\cs550 make\milestone 4\milestone 4\milestone 4\debug\vertexarray.obj
c:\users\pikachu\desktop\fix and upload\cs550 make\milestone 4\milestone 4\milestone 4\debug\stb_image.obj
c:\users\pikachu\desktop\fix and upload\cs550 make\milestone 4\milestone 4\milestone 4\debug\imgui_widgets.obj
c:\users\pikachu\desktop\fix and upload\cs550 make\milestone 4\milestone 4\milestone 4\debug\imgui_impl_opengl3.obj
c:\users\pikachu\desktop\fix and upload\cs550 make\milestone 4\milestone 4\milestone 4\debug\imgui_draw.obj
c:\users\pikachu\desktop\fix and upload\cs550 make\milestone 4\milestone 4\milestone 4\debug\imgui.obj
c:\users\pikachu\desktop\fix and upload\cs550 make\milestone 4\milestone 4\milestone 4\debug\glm.obj
c:\users\pikachu\desktop\fix and upload\cs550 make\milestone 4\milestone 4\milestone 4\debug\texture.obj
c:\users\pikachu\desktop\fix and upload\cs550 make\milestone 4\milestone 4\milestone 4\debug\shader.obj
c:\users\pikachu\desktop\fix and upload\cs550 make\milestone 4\milestone 4\milestone 4\debug\renderer.obj
c:\users\pikachu\desktop\fix and upload\cs550 make\milestone 4\milestone 4\milestone 4\debug\indexbuffer.obj
c:\users\pikachu\desktop\fix and upload\cs550 make\milestone 4\milestone 4\milestone 4\debug\objectfactory.obj
c:\users\pikachu\desktop\fix and upload\cs550 make\milestone 4\milestone 4\milestone 4\debug\imgui_impl_sdl.obj
c:\users\pikachu\desktop\fix and upload\cs550 make\milestone 4\milestone 4\debug\milestone 4.ilk
c:\users\pikachu\desktop\fix and upload\cs550 make\milestone 4\milestone 4\debug\milestone 4.exe
c:\users\pikachu\desktop\fix and upload\cs550 make\milestone 4\milestone 4\debug\milestone 4.pdb
c:\users\pikachu\desktop\fix and upload\cs550 make\milestone 4\milestone 4\milestone 4\debug\milestone 4.tlog\cl.command.1.tlog
c:\users\pikachu\desktop\fix and upload\cs550 make\milestone 4\milestone 4\milestone 4\debug\milestone 4.tlog\cl.read.1.tlog
c:\users\pikachu\desktop\fix and upload\cs550 make\milestone 4\milestone 4\milestone 4\debug\milestone 4.tlog\cl.write.1.tlog
c:\users\pikachu\desktop\fix and upload\cs550 make\milestone 4\milestone 4\milestone 4\debug\milestone 4.tlog\link.command.1.tlog
c:\users\pikachu\desktop\fix and upload\cs550 make\milestone 4\milestone 4\milestone 4\debug\milestone 4.tlog\link.read.1.tlog
c:\users\pikachu\desktop\fix and upload\cs550 make\milestone 4\milestone 4\milestone 4\debug\milestone 4.tlog\link.write.1.tlog
